[17:39:06] [main/INFO]: Loading Minecraft 1.21.1 with Fabric Loader 0.18.2
[17:39:06] [main/INFO]: Loading 4 mods:
	- fabricloader 0.18.2
	   \-- mixinextras 0.5.0
	- java 21
	- minecraft 1.21.1
[17:39:06] [main/INFO]: SpongePowered MIXIN Subsystem Version=0.8.7 Source=file:/workspaces/pokemonpkp/servidor_minecraft/libraries/net/fabricmc/sponge-mixin/0.16.5+mixin.0.8.7/sponge-mixin-0.16.5+mixin.0.8.7.jar Service=Knot/Fabric Env=SERVER
[17:39:11] [main/INFO]: Environment: Environment[sessionHost=https://sessionserver.mojang.com, servicesHost=https://api.minecraftservices.com, name=PROD]
[17:39:13] [main/INFO]: Loaded 1290 recipes
[17:39:13] [main/INFO]: Loaded 1399 advancements
[17:39:14] [Server thread/INFO]: Starting minecraft server version 1.21.1
[17:39:14] [Server thread/INFO]: Loading properties
[17:39:14] [Server thread/INFO]: Default game type: SURVIVAL
[17:39:14] [Server thread/INFO]: Generating keypair
[17:39:14] [Server thread/INFO]: Starting Minecraft server on *:25565
[17:39:14] [Server thread/INFO]: Using epoll channel type
[17:39:14] [Server thread/INFO]: Preparing level "world"
[17:39:20] [Server thread/INFO]: Preparing start region for dimension minecraft:overworld
[17:39:20] [Worker-Main-1/INFO]: Preparing spawn area: 2%
[17:39:21] [Worker-Main-3/INFO]: Preparing spawn area: 2%
[17:39:21] [Worker-Main-1/INFO]: Preparing spawn area: 2%
[17:39:21] [Worker-Main-1/INFO]: Preparing spawn area: 2%
[17:39:22] [Worker-Main-1/INFO]: Preparing spawn area: 8%
[17:39:22] [Worker-Main-2/INFO]: Preparing spawn area: 18%
[17:39:23] [Worker-Main-1/INFO]: Preparing spawn area: 18%
[17:39:23] [Worker-Main-2/INFO]: Preparing spawn area: 30%
[17:39:24] [Worker-Main-1/INFO]: Preparing spawn area: 51%
[17:39:24] [Worker-Main-3/INFO]: Preparing spawn area: 51%
[17:39:25] [Server thread/INFO]: Time elapsed: 4950 ms
[17:39:25] [Server thread/INFO]: Done (10.867s)! For help, type "help"
[17:39:57] [Server thread/INFO]: Stopping the server
[17:39:57] [Server thread/INFO]: Stopping server
[17:39:57] [Server thread/INFO]: Saving players
[17:39:57] [Server thread/INFO]: Saving worlds
[17:39:57] [Server thread/INFO]: Saving chunks for level 'ServerLevel[world]'/minecraft:overworld
[17:39:58] [Server thread/INFO]: Saving chunks for level 'ServerLevel[world]'/minecraft:the_nether
[17:39:58] [Server thread/INFO]: Saving chunks for level 'ServerLevel[world]'/minecraft:the_end
[17:39:58] [Server thread/INFO]: ThreadedAnvilChunkStorage (world): All chunks are saved
[17:39:58] [Server thread/INFO]: ThreadedAnvilChunkStorage (DIM-1): All chunks are saved
[17:39:58] [Server thread/INFO]: ThreadedAnvilChunkStorage (DIM1): All chunks are saved
[17:39:58] [Server thread/INFO]: ThreadedAnvilChunkStorage: All dimensions are saved
